Determining if the pthread_create exist failed with the following output:
Change Dir: /home/karlo/ROS-exercises/exercise1/build/catkin_tools_prebuild/CMakeFiles/CMakeTmp

Run Build Command:"/usr/bin/make" "cmTC_001fb/fast"
/usr/bin/make -f CMakeFiles/cmTC_001fb.dir/build.make CMakeFiles/cmTC_001fb.dir/build
make[1]: Entering directory '/home/karlo/ROS-exercises/exercise1/build/catkin_tools_prebuild/CMakeFiles/CMakeTmp'
Building C object CMakeFiles/cmTC_001fb.dir/CheckSymbolExists.c.o
/usr/bin/cc    -o CMakeFiles/cmTC_001fb.dir/CheckSymbolExists.c.o   -c /home/karlo/ROS-exercises/exercise1/build/catkin_tools_prebuild/CMakeFiles/CMakeTmp/CheckSymbolExists.c
Linking C executable cmTC_001fb
/usr/bin/cmake -E cmake_link_script CMakeFiles/cmTC_001fb.dir/link.txt --verbose=1
/usr/bin/cc      -rdynamic CMakeFiles/cmTC_001fb.dir/CheckSymbolExists.c.o  -o cmTC_001fb 
CMakeFiles/cmTC_001fb.dir/CheckSymbolExists.c.o: In function `main':
CheckSymbolExists.c:(.text+0x1b): undefined reference to `pthread_create'
collect2: error: ld returned 1 exit status
CMakeFiles/cmTC_001fb.dir/build.make:97: recipe for target 'cmTC_001fb' failed
make[1]: *** [cmTC_001fb] Error 1
make[1]: Leaving directory '/home/karlo/ROS-exercises/exercise1/build/catkin_tools_prebuild/CMakeFiles/CMakeTmp'
Makefile:126: recipe for target 'cmTC_001fb/fast' failed
make: *** [cmTC_001fb/fast] Error 2

File /home/karlo/ROS-exercises/exercise1/build/catkin_tools_prebuild/CMakeFiles/CMakeTmp/CheckSymbolExists.c:
/* */
#include <pthread.h>

int main(int argc, char** argv)
{
  (void)argv;
#ifndef pthread_create
  return ((int*)(&pthread_create))[argc];
#else
  (void)argc;
  return 0;
#endif
}

Determining if the function pthread_create exists in the pthreads failed with the following output:
Change Dir: /home/karlo/ROS-exercises/exercise1/build/catkin_tools_prebuild/CMakeFiles/CMakeTmp

Run Build Command:"/usr/bin/make" "cmTC_e0657/fast"
/usr/bin/make -f CMakeFiles/cmTC_e0657.dir/build.make CMakeFiles/cmTC_e0657.dir/build
make[1]: Entering directory '/home/karlo/ROS-exercises/exercise1/build/catkin_tools_prebuild/CMakeFiles/CMakeTmp'
Building C object CMakeFiles/cmTC_e0657.dir/CheckFunctionExists.c.o
/usr/bin/cc   -DCHECK_FUNCTION_EXISTS=pthread_create   -o CMakeFiles/cmTC_e0657.dir/CheckFunctionExists.c.o   -c /usr/share/cmake-3.10/Modules/CheckFunctionExists.c
Linking C executable cmTC_e0657
/usr/bin/cmake -E cmake_link_script CMakeFiles/cmTC_e0657.dir/link.txt --verbose=1
/usr/bin/cc  -DCHECK_FUNCTION_EXISTS=pthread_create    -rdynamic CMakeFiles/cmTC_e0657.dir/CheckFunctionExists.c.o  -o cmTC_e0657 -lpthreads 
/usr/bin/ld: cannot find -lpthreads
collect2: error: ld returned 1 exit status
CMakeFiles/cmTC_e0657.dir/build.make:97: recipe for target 'cmTC_e0657' failed
make[1]: *** [cmTC_e0657] Error 1
make[1]: Leaving directory '/home/karlo/ROS-exercises/exercise1/build/catkin_tools_prebuild/CMakeFiles/CMakeTmp'
Makefile:126: recipe for target 'cmTC_e0657/fast' failed
make: *** [cmTC_e0657/fast] Error 2


