Determining if the pthread_create exist failed with the following output:
Change Dir: /home/karlo/ROS-exercises/exercise2/build/catkin_tools_prebuild/CMakeFiles/CMakeTmp

Run Build Command:"/usr/bin/make" "cmTC_58883/fast"
/usr/bin/make -f CMakeFiles/cmTC_58883.dir/build.make CMakeFiles/cmTC_58883.dir/build
make[1]: Entering directory '/home/karlo/ROS-exercises/exercise2/build/catkin_tools_prebuild/CMakeFiles/CMakeTmp'
Building C object CMakeFiles/cmTC_58883.dir/CheckSymbolExists.c.o
/usr/bin/cc    -o CMakeFiles/cmTC_58883.dir/CheckSymbolExists.c.o   -c /home/karlo/ROS-exercises/exercise2/build/catkin_tools_prebuild/CMakeFiles/CMakeTmp/CheckSymbolExists.c
Linking C executable cmTC_58883
/usr/bin/cmake -E cmake_link_script CMakeFiles/cmTC_58883.dir/link.txt --verbose=1
/usr/bin/cc      -rdynamic CMakeFiles/cmTC_58883.dir/CheckSymbolExists.c.o  -o cmTC_58883 
CMakeFiles/cmTC_58883.dir/CheckSymbolExists.c.o: In function `main':
CheckSymbolExists.c:(.text+0x1b): undefined reference to `pthread_create'
collect2: error: ld returned 1 exit status
CMakeFiles/cmTC_58883.dir/build.make:97: recipe for target 'cmTC_58883' failed
make[1]: *** [cmTC_58883] Error 1
make[1]: Leaving directory '/home/karlo/ROS-exercises/exercise2/build/catkin_tools_prebuild/CMakeFiles/CMakeTmp'
Makefile:126: recipe for target 'cmTC_58883/fast' failed
make: *** [cmTC_58883/fast] Error 2

File /home/karlo/ROS-exercises/exercise2/build/catkin_tools_prebuild/CMakeFiles/CMakeTmp/CheckSymbolExists.c:
/* */
#include <pthread.h>

int main(int argc, char** argv)
{
  (void)argv;
#ifndef pthread_create
  return ((int*)(&pthread_create))[argc];
#else
  (void)argc;
  return 0;
#endif
}

Determining if the function pthread_create exists in the pthreads failed with the following output:
Change Dir: /home/karlo/ROS-exercises/exercise2/build/catkin_tools_prebuild/CMakeFiles/CMakeTmp

Run Build Command:"/usr/bin/make" "cmTC_8a57e/fast"
/usr/bin/make -f CMakeFiles/cmTC_8a57e.dir/build.make CMakeFiles/cmTC_8a57e.dir/build
make[1]: Entering directory '/home/karlo/ROS-exercises/exercise2/build/catkin_tools_prebuild/CMakeFiles/CMakeTmp'
Building C object CMakeFiles/cmTC_8a57e.dir/CheckFunctionExists.c.o
/usr/bin/cc   -DCHECK_FUNCTION_EXISTS=pthread_create   -o CMakeFiles/cmTC_8a57e.dir/CheckFunctionExists.c.o   -c /usr/share/cmake-3.10/Modules/CheckFunctionExists.c
Linking C executable cmTC_8a57e
/usr/bin/cmake -E cmake_link_script CMakeFiles/cmTC_8a57e.dir/link.txt --verbose=1
/usr/bin/cc  -DCHECK_FUNCTION_EXISTS=pthread_create    -rdynamic CMakeFiles/cmTC_8a57e.dir/CheckFunctionExists.c.o  -o cmTC_8a57e -lpthreads 
/usr/bin/ld: cannot find -lpthreads
collect2: error: ld returned 1 exit status
CMakeFiles/cmTC_8a57e.dir/build.make:97: recipe for target 'cmTC_8a57e' failed
make[1]: *** [cmTC_8a57e] Error 1
make[1]: Leaving directory '/home/karlo/ROS-exercises/exercise2/build/catkin_tools_prebuild/CMakeFiles/CMakeTmp'
Makefile:126: recipe for target 'cmTC_8a57e/fast' failed
make: *** [cmTC_8a57e/fast] Error 2


